[2023-09-07 13:56:49] local.ERROR: 2023-09-07 13:56:49 (Asia/ho_chi_minh):
```Undefined array key 0 (View: /home/dhg/domains/dhg.kennatech.vn/public_html/resources/views/templates/ecommerce/screen/home.blade.php)```
```IP:```27.71.122.125
*File* `/home/dhg/domains/dhg.kennatech.vn/public_html/vendor/laravel/framework/src/Illuminate/Collections/Collection.php`, *Line:* 1724, *Code:* 0
URL= https://dhg.kennatech.vn
  
[2023-09-07 13:56:50] local.ERROR: Undefined array key 0 {"view":{"view":"/home/dhg/domains/dhg.kennatech.vn/public_html/resources/views/templates/ecommerce/screen/home.blade.php","data":[]},"exception":"[object] (Spatie\\LaravelIgnition\\Exceptions\\ViewException(code: 0): Undefined array key 0 at /home/dhg/domains/dhg.kennatech.vn/public_html/vendor/laravel/framework/src/Illuminate/Collections/Collection.php:1724)
[stacktrace]
#0 /home/dhg/domains/dhg.kennatech.vn/public_html/vendor/laravel/framework/src/Illuminate/Foundation/Bootstrap/HandleExceptions.php(270): Illuminate\\Foundation\\Bootstrap\\HandleExceptions->handleError()
#1 /home/dhg/domains/dhg.kennatech.vn/public_html/vendor/laravel/framework/src/Illuminate/Collections/Collection.php(1724): Illuminate\\Foundation\\Bootstrap\\HandleExceptions->Illuminate\\Foundation\\Bootstrap\\{closure}()
#2 /home/dhg/domains/dhg.kennatech.vn/public_html/resources/views/templates/ecommerce/screen/home.blade.php(657): Illuminate\\Support\\Collection->offsetGet()
#3 /home/dhg/domains/dhg.kennatech.vn/public_html/vendor/laravel/framework/src/Illuminate/Filesystem/Filesystem.php(109): require('...')
#4 /home/dhg/domains/dhg.kennatech.vn/public_html/vendor/laravel/framework/src/Illuminate/Filesystem/Filesystem.php(110): Illuminate\\Filesystem\\Filesystem::Illuminate\\Filesystem\\{closure}()
#5 /home/dhg/domains/dhg.kennatech.vn/public_html/vendor/laravel/framework/src/Illuminate/View/Engines/PhpEngine.php(58): Illuminate\\Filesystem\\Filesystem->getRequire()
#6 /home/dhg/domains/dhg.kennatech.vn/public_html/vendor/laravel/framework/src/Illuminate/View/Engines/CompilerEngine.php(70): Illuminate\\View\\Engines\\PhpEngine->evaluatePath()
#7 /home/dhg/domains/dhg.kennatech.vn/public_html/vendor/laravel/framework/src/Illuminate/View/View.php(195): Illuminate\\View\\Engines\\CompilerEngine->get()
#8 /home/dhg/domains/dhg.kennatech.vn/public_html/vendor/laravel/framework/src/Illuminate/View/View.php(178): Illuminate\\View\\View->getContents()
#9 /home/dhg/domains/dhg.kennatech.vn/public_html/vendor/laravel/framework/src/Illuminate/View/View.php(147): Illuminate\\View\\View->renderContents()
#10 /home/dhg/domains/dhg.kennatech.vn/public_html/vendor/laravel/framework/src/Illuminate/Http/Response.php(69): Illuminate\\View\\View->render()
#11 /home/dhg/domains/dhg.kennatech.vn/public_html/vendor/laravel/framework/src/Illuminate/Http/Response.php(35): Illuminate\\Http\\Response->setContent()
#12 /home/dhg/domains/dhg.kennatech.vn/public_html/vendor/laravel/framework/src/Illuminate/Routing/Router.php(906): Illuminate\\Http\\Response->__construct()
#13 /home/dhg/domains/dhg.kennatech.vn/public_html/vendor/laravel/framework/src/Illuminate/Routing/Router.php(875): Illuminate\\Routing\\Router::toResponse()
#14 /home/dhg/domains/dhg.kennatech.vn/public_html/vendor/laravel/framework/src/Illuminate/Routing/Router.php(798): Illuminate\\Routing\\Router->prepareResponse()
#15 /home/dhg/domains/dhg.kennatech.vn/public_html/vendor/laravel/framework/src/Illuminate/Pipeline/Pipeline.php(141): Illuminate\\Routing\\Router->Illuminate\\Routing\\{closure}()
#16 /home/dhg/domains/dhg.kennatech.vn/public_html/vendor/s-cart/core/src/Front/Middleware/CheckDomain.php(41): Illuminate\\Pipeline\\Pipeline->Illuminate\\Pipeline\\{closure}()
#17 /home/dhg/domains/dhg.kennatech.vn/public_html/vendor/laravel/framework/src/Illuminate/Pipeline/Pipeline.php(180): SCart\\Core\\Front\\Middleware\\CheckDomain->handle()
#18 /home/dhg/domains/dhg.kennatech.vn/public_html/vendor/s-cart/core/src/Front/Middleware/Currency.php(25): Illuminate\\Pipeline\\Pipeline->Illuminate\\Pipeline\\{closure}()
#19 /home/dhg/domains/dhg.kennatech.vn/public_html/vendor/laravel/framework/src/Illuminate/Pipeline/Pipeline.php(180): SCart\\Core\\Front\\Middleware\\Currency->handle()
#20 /home/dhg/domains/dhg.kennatech.vn/public_html/vendor/s-cart/core/src/Front/Middleware/Localization.php(31): Illuminate\\Pipeline\\Pipeline->Illuminate\\Pipeline\\{closure}()
#21 /home/dhg/domains/dhg.kennatech.vn/public_html/vendor/laravel/framework/src/Illuminate/Pipeline/Pipeline.php(180): SCart\\Core\\Front\\Middleware\\Localization->handle()
#22 /home/dhg/domains/dhg.kennatech.vn/public_html/vendor/laravel/framework/src/Illuminate/Routing/Middleware/SubstituteBindings.php(50): Illuminate\\Pipeline\\Pipeline->Illuminate\\Pipeline\\{closure}()
#23 /home/dhg/domains/dhg.kennatech.vn/public_html/vendor/laravel/framework/src/Illuminate/Pipeline/Pipeline.php(180): Illuminate\\Routing\\Middleware\\SubstituteBindings->handle()
#24 /home/dhg/domains/dhg.kennatech.vn/public_html/vendor/laravel/framework/src/Illuminate/Foundation/Http/Middleware/VerifyCsrfToken.php(78): Illuminate\\Pipeline\\Pipeline->Illuminate\\Pipeline\\{closure}()
#25 /home/dhg/domains/dhg.kennatech.vn/public_html/vendor/laravel/framework/src/Illuminate/Pipeline/Pipeline.php(180): Illuminate\\Foundation\\Http\\Middleware\\VerifyCsrfToken->handle()
#26 /home/dhg/domains/dhg.kennatech.vn/public_html/vendor/laravel/framework/src/Illuminate/View/Middleware/ShareErrorsFromSession.php(49): Illuminate\\Pipeline\\Pipeline->Illuminate\\Pipeline\\{closure}()
#27 /home/dhg/domains/dhg.kennatech.vn/public_html/vendor/laravel/framework/src/Illuminate/Pipeline/Pipeline.php(180): Illuminate\\View\\Middleware\\ShareErrorsFromSession->handle()
#28 /home/dhg/domains/dhg.kennatech.vn/public_html/vendor/laravel/framework/src/Illuminate/Session/Middleware/StartSession.php(121): Illuminate\\Pipeline\\Pipeline->Illuminate\\Pipeline\\{closure}()
#29 /home/dhg/domains/dhg.kennatech.vn/public_html/vendor/laravel/framework/src/Illuminate/Session/Middleware/StartSession.php(64): Illuminate\\Session\\Middleware\\StartSession->handleStatefulRequest()
#30 /home/dhg/domains/dhg.kennatech.vn/public_html/vendor/laravel/framework/src/Illuminate/Pipeline/Pipeline.php(180): Illuminate\\Session\\Middleware\\StartSession->handle()
#31 /home/dhg/domains/dhg.kennatech.vn/public_html/vendor/laravel/framework/src/Illuminate/Cookie/Middleware/AddQueuedCookiesToResponse.php(37): Illuminate\\Pipeline\\Pipeline->Illuminate\\Pipeline\\{closure}()
#32 /home/dhg/domains/dhg.kennatech.vn/public_html/vendor/laravel/framework/src/Illuminate/Pipeline/Pipeline.php(180): Illuminate\\Cookie\\Middleware\\AddQueuedCookiesToResponse->handle()
#33 /home/dhg/domains/dhg.kennatech.vn/public_html/vendor/laravel/framework/src/Illuminate/Cookie/Middleware/EncryptCookies.php(67): Illuminate\\Pipeline\\Pipeline->Illuminate\\Pipeline\\{closure}()
#34 /home/dhg/domains/dhg.kennatech.vn/public_html/vendor/laravel/framework/src/Illuminate/Pipeline/Pipeline.php(180): Illuminate\\Cookie\\Middleware\\EncryptCookies->handle()
#35 /home/dhg/domains/dhg.kennatech.vn/public_html/vendor/laravel/framework/src/Illuminate/Pipeline/Pipeline.php(116): Illuminate\\Pipeline\\Pipeline->Illuminate\\Pipeline\\{closure}()
#36 /home/dhg/domains/dhg.kennatech.vn/public_html/vendor/laravel/framework/src/Illuminate/Routing/Router.php(799): Illuminate\\Pipeline\\Pipeline->then()
#37 /home/dhg/domains/dhg.kennatech.vn/public_html/vendor/laravel/framework/src/Illuminate/Routing/Router.php(776): Illuminate\\Routing\\Router->runRouteWithinStack()
#38 /home/dhg/domains/dhg.kennatech.vn/public_html/vendor/laravel/framework/src/Illuminate/Routing/Router.php(740): Illuminate\\Routing\\Router->runRoute()
#39 /home/dhg/domains/dhg.kennatech.vn/public_html/vendor/laravel/framework/src/Illuminate/Routing/Router.php(729): Illuminate\\Routing\\Router->dispatchToRoute()
#40 /home/dhg/domains/dhg.kennatech.vn/public_html/vendor/laravel/framework/src/Illuminate/Foundation/Http/Kernel.php(190): Illuminate\\Routing\\Router->dispatch()
#41 /home/dhg/domains/dhg.kennatech.vn/public_html/vendor/laravel/framework/src/Illuminate/Pipeline/Pipeline.php(141): Illuminate\\Foundation\\Http\\Kernel->Illuminate\\Foundation\\Http\\{closure}()
#42 /home/dhg/domains/dhg.kennatech.vn/public_html/vendor/barryvdh/laravel-debugbar/src/Middleware/InjectDebugbar.php(66): Illuminate\\Pipeline\\Pipeline->Illuminate\\Pipeline\\{closure}()
#43 /home/dhg/domains/dhg.kennatech.vn/public_html/vendor/laravel/framework/src/Illuminate/Pipeline/Pipeline.php(180): Barryvdh\\Debugbar\\Middleware\\InjectDebugbar->handle()
#44 /home/dhg/domains/dhg.kennatech.vn/public_html/vendor/spatie/laravel-pjax/src/Middleware/FilterIfPjax.php(18): Illuminate\\Pipeline\\Pipeline->Illuminate\\Pipeline\\{closure}()
#45 /home/dhg/domains/dhg.kennatech.vn/public_html/vendor/laravel/framework/src/Illuminate/Pipeline/Pipeline.php(180): Spatie\\Pjax\\Middleware\\FilterIfPjax->handle()
#46 /home/dhg/domains/dhg.kennatech.vn/public_html/vendor/laravel/framework/src/Illuminate/Foundation/Http/Middleware/TransformsRequest.php(21): Illuminate\\Pipeline\\Pipeline->Illuminate\\Pipeline\\{closure}()
#47 /home/dhg/domains/dhg.kennatech.vn/public_html/vendor/laravel/framework/src/Illuminate/Foundation/Http/Middleware/ConvertEmptyStringsToNull.php(31): Illuminate\\Foundation\\Http\\Middleware\\TransformsRequest->handle()
#48 /home/dhg/domains/dhg.kennatech.vn/public_html/vendor/laravel/framework/src/Illuminate/Pipeline/Pipeline.php(180): Illuminate\\Foundation\\Http\\Middleware\\ConvertEmptyStringsToNull->handle()
#49 /home/dhg/domains/dhg.kennatech.vn/public_html/vendor/laravel/framework/src/Illuminate/Foundation/Http/Middleware/TransformsRequest.php(21): Illuminate\\Pipeline\\Pipeline->Illuminate\\Pipeline\\{closure}()
#50 /home/dhg/domains/dhg.kennatech.vn/public_html/vendor/laravel/framework/src/Illuminate/Foundation/Http/Middleware/TrimStrings.php(40): Illuminate\\Foundation\\Http\\Middleware\\TransformsRequest->handle()
#51 /home/dhg/domains/dhg.kennatech.vn/public_html/vendor/laravel/framework/src/Illuminate/Pipeline/Pipeline.php(180): Illuminate\\Foundation\\Http\\Middleware\\TrimStrings->handle()
#52 /home/dhg/domains/dhg.kennatech.vn/public_html/vendor/laravel/framework/src/Illuminate/Foundation/Http/Middleware/ValidatePostSize.php(27): Illuminate\\Pipeline\\Pipeline->Illuminate\\Pipeline\\{closure}()
#53 /home/dhg/domains/dhg.kennatech.vn/public_html/vendor/laravel/framework/src/Illuminate/Pipeline/Pipeline.php(180): Illuminate\\Foundation\\Http\\Middleware\\ValidatePostSize->handle()
#54 /home/dhg/domains/dhg.kennatech.vn/public_html/vendor/laravel/framework/src/Illuminate/Foundation/Http/Middleware/PreventRequestsDuringMaintenance.php(86): Illuminate\\Pipeline\\Pipeline->Illuminate\\Pipeline\\{closure}()
#55 /home/dhg/domains/dhg.kennatech.vn/public_html/vendor/laravel/framework/src/Illuminate/Pipeline/Pipeline.php(180): Illuminate\\Foundation\\Http\\Middleware\\PreventRequestsDuringMaintenance->handle()
#56 /home/dhg/domains/dhg.kennatech.vn/public_html/vendor/laravel/framework/src/Illuminate/Http/Middleware/TrustProxies.php(39): Illuminate\\Pipeline\\Pipeline->Illuminate\\Pipeline\\{closure}()
#57 /home/dhg/domains/dhg.kennatech.vn/public_html/vendor/laravel/framework/src/Illuminate/Pipeline/Pipeline.php(180): Illuminate\\Http\\Middleware\\TrustProxies->handle()
#58 /home/dhg/domains/dhg.kennatech.vn/public_html/vendor/laravel/framework/src/Illuminate/Pipeline/Pipeline.php(116): Illuminate\\Pipeline\\Pipeline->Illuminate\\Pipeline\\{closure}()
#59 /home/dhg/domains/dhg.kennatech.vn/public_html/vendor/laravel/framework/src/Illuminate/Foundation/Http/Kernel.php(165): Illuminate\\Pipeline\\Pipeline->then()
#60 /home/dhg/domains/dhg.kennatech.vn/public_html/vendor/laravel/framework/src/Illuminate/Foundation/Http/Kernel.php(134): Illuminate\\Foundation\\Http\\Kernel->sendRequestThroughRouter()
#61 /home/dhg/domains/dhg.kennatech.vn/public_html/public/index.php(82): Illuminate\\Foundation\\Http\\Kernel->handle()
#62 {main}

[previous exception] [object] (ErrorException(code: 0): Undefined array key 0 at /home/dhg/domains/dhg.kennatech.vn/public_html/vendor/laravel/framework/src/Illuminate/Collections/Collection.php:1724)
[stacktrace]
#0 /home/dhg/domains/dhg.kennatech.vn/public_html/vendor/laravel/framework/src/Illuminate/Foundation/Bootstrap/HandleExceptions.php(270): Illuminate\\Foundation\\Bootstrap\\HandleExceptions->handleError()
#1 /home/dhg/domains/dhg.kennatech.vn/public_html/vendor/laravel/framework/src/Illuminate/Collections/Collection.php(1724): Illuminate\\Foundation\\Bootstrap\\HandleExceptions->Illuminate\\Foundation\\Bootstrap\\{closure}()
#2 /home/dhg/domains/dhg.kennatech.vn/public_html/storage/framework/views/53f32f0d60c5ce304f9a3664ca5bd2424715f353.php(657): Illuminate\\Support\\Collection->offsetGet()
#3 /home/dhg/domains/dhg.kennatech.vn/public_html/vendor/laravel/framework/src/Illuminate/Filesystem/Filesystem.php(109): require('...')
#4 /home/dhg/domains/dhg.kennatech.vn/public_html/vendor/laravel/framework/src/Illuminate/Filesystem/Filesystem.php(110): Illuminate\\Filesystem\\Filesystem::Illuminate\\Filesystem\\{closure}()
#5 /home/dhg/domains/dhg.kennatech.vn/public_html/vendor/laravel/framework/src/Illuminate/View/Engines/PhpEngine.php(58): Illuminate\\Filesystem\\Filesystem->getRequire()
#6 /home/dhg/domains/dhg.kennatech.vn/public_html/vendor/laravel/framework/src/Illuminate/View/Engines/CompilerEngine.php(70): Illuminate\\View\\Engines\\PhpEngine->evaluatePath()
#7 /home/dhg/domains/dhg.kennatech.vn/public_html/vendor/laravel/framework/src/Illuminate/View/View.php(195): Illuminate\\View\\Engines\\CompilerEngine->get()
#8 /home/dhg/domains/dhg.kennatech.vn/public_html/vendor/laravel/framework/src/Illuminate/View/View.php(178): Illuminate\\View\\View->getContents()
#9 /home/dhg/domains/dhg.kennatech.vn/public_html/vendor/laravel/framework/src/Illuminate/View/View.php(147): Illuminate\\View\\View->renderContents()
#10 /home/dhg/domains/dhg.kennatech.vn/public_html/vendor/laravel/framework/src/Illuminate/Http/Response.php(69): Illuminate\\View\\View->render()
#11 /home/dhg/domains/dhg.kennatech.vn/public_html/vendor/laravel/framework/src/Illuminate/Http/Response.php(35): Illuminate\\Http\\Response->setContent()
#12 /home/dhg/domains/dhg.kennatech.vn/public_html/vendor/laravel/framework/src/Illuminate/Routing/Router.php(906): Illuminate\\Http\\Response->__construct()
#13 /home/dhg/domains/dhg.kennatech.vn/public_html/vendor/laravel/framework/src/Illuminate/Routing/Router.php(875): Illuminate\\Routing\\Router::toResponse()
#14 /home/dhg/domains/dhg.kennatech.vn/public_html/vendor/laravel/framework/src/Illuminate/Routing/Router.php(798): Illuminate\\Routing\\Router->prepareResponse()
#15 /home/dhg/domains/dhg.kennatech.vn/public_html/vendor/laravel/framework/src/Illuminate/Pipeline/Pipeline.php(141): Illuminate\\Routing\\Router->Illuminate\\Routing\\{closure}()
#16 /home/dhg/domains/dhg.kennatech.vn/public_html/vendor/s-cart/core/src/Front/Middleware/CheckDomain.php(41): Illuminate\\Pipeline\\Pipeline->Illuminate\\Pipeline\\{closure}()
#17 /home/dhg/domains/dhg.kennatech.vn/public_html/vendor/laravel/framework/src/Illuminate/Pipeline/Pipeline.php(180): SCart\\Core\\Front\\Middleware\\CheckDomain->handle()
#18 /home/dhg/domains/dhg.kennatech.vn/public_html/vendor/s-cart/core/src/Front/Middleware/Currency.php(25): Illuminate\\Pipeline\\Pipeline->Illuminate\\Pipeline\\{closure}()
#19 /home/dhg/domains/dhg.kennatech.vn/public_html/vendor/laravel/framework/src/Illuminate/Pipeline/Pipeline.php(180): SCart\\Core\\Front\\Middleware\\Currency->handle()
#20 /home/dhg/domains/dhg.kennatech.vn/public_html/vendor/s-cart/core/src/Front/Middleware/Localization.php(31): Illuminate\\Pipeline\\Pipeline->Illuminate\\Pipeline\\{closure}()
#21 /home/dhg/domains/dhg.kennatech.vn/public_html/vendor/laravel/framework/src/Illuminate/Pipeline/Pipeline.php(180): SCart\\Core\\Front\\Middleware\\Localization->handle()
#22 /home/dhg/domains/dhg.kennatech.vn/public_html/vendor/laravel/framework/src/Illuminate/Routing/Middleware/SubstituteBindings.php(50): Illuminate\\Pipeline\\Pipeline->Illuminate\\Pipeline\\{closure}()
#23 /home/dhg/domains/dhg.kennatech.vn/public_html/vendor/laravel/framework/src/Illuminate/Pipeline/Pipeline.php(180): Illuminate\\Routing\\Middleware\\SubstituteBindings->handle()
#24 /home/dhg/domains/dhg.kennatech.vn/public_html/vendor/laravel/framework/src/Illuminate/Foundation/Http/Middleware/VerifyCsrfToken.php(78): Illuminate\\Pipeline\\Pipeline->Illuminate\\Pipeline\\{closure}()
#25 /home/dhg/domains/dhg.kennatech.vn/public_html/vendor/laravel/framework/src/Illuminate/Pipeline/Pipeline.php(180): Illuminate\\Foundation\\Http\\Middleware\\VerifyCsrfToken->handle()
#26 /home/dhg/domains/dhg.kennatech.vn/public_html/vendor/laravel/framework/src/Illuminate/View/Middleware/ShareErrorsFromSession.php(49): Illuminate\\Pipeline\\Pipeline->Illuminate\\Pipeline\\{closure}()
#27 /home/dhg/domains/dhg.kennatech.vn/public_html/vendor/laravel/framework/src/Illuminate/Pipeline/Pipeline.php(180): Illuminate\\View\\Middleware\\ShareErrorsFromSession->handle()
#28 /home/dhg/domains/dhg.kennatech.vn/public_html/vendor/laravel/framework/src/Illuminate/Session/Middleware/StartSession.php(121): Illuminate\\Pipeline\\Pipeline->Illuminate\\Pipeline\\{closure}()
#29 /home/dhg/domains/dhg.kennatech.vn/public_html/vendor/laravel/framework/src/Illuminate/Session/Middleware/StartSession.php(64): Illuminate\\Session\\Middleware\\StartSession->handleStatefulRequest()
#30 /home/dhg/domains/dhg.kennatech.vn/public_html/vendor/laravel/framework/src/Illuminate/Pipeline/Pipeline.php(180): Illuminate\\Session\\Middleware\\StartSession->handle()
#31 /home/dhg/domains/dhg.kennatech.vn/public_html/vendor/laravel/framework/src/Illuminate/Cookie/Middleware/AddQueuedCookiesToResponse.php(37): Illuminate\\Pipeline\\Pipeline->Illuminate\\Pipeline\\{closure}()
#32 /home/dhg/domains/dhg.kennatech.vn/public_html/vendor/laravel/framework/src/Illuminate/Pipeline/Pipeline.php(180): Illuminate\\Cookie\\Middleware\\AddQueuedCookiesToResponse->handle()
#33 /home/dhg/domains/dhg.kennatech.vn/public_html/vendor/laravel/framework/src/Illuminate/Cookie/Middleware/EncryptCookies.php(67): Illuminate\\Pipeline\\Pipeline->Illuminate\\Pipeline\\{closure}()
#34 /home/dhg/domains/dhg.kennatech.vn/public_html/vendor/laravel/framework/src/Illuminate/Pipeline/Pipeline.php(180): Illuminate\\Cookie\\Middleware\\EncryptCookies->handle()
#35 /home/dhg/domains/dhg.kennatech.vn/public_html/vendor/laravel/framework/src/Illuminate/Pipeline/Pipeline.php(116): Illuminate\\Pipeline\\Pipeline->Illuminate\\Pipeline\\{closure}()
#36 /home/dhg/domains/dhg.kennatech.vn/public_html/vendor/laravel/framework/src/Illuminate/Routing/Router.php(799): Illuminate\\Pipeline\\Pipeline->then()
#37 /home/dhg/domains/dhg.kennatech.vn/public_html/vendor/laravel/framework/src/Illuminate/Routing/Router.php(776): Illuminate\\Routing\\Router->runRouteWithinStack()
#38 /home/dhg/domains/dhg.kennatech.vn/public_html/vendor/laravel/framework/src/Illuminate/Routing/Router.php(740): Illuminate\\Routing\\Router->runRoute()
#39 /home/dhg/domains/dhg.kennatech.vn/public_html/vendor/laravel/framework/src/Illuminate/Routing/Router.php(729): Illuminate\\Routing\\Router->dispatchToRoute()
#40 /home/dhg/domains/dhg.kennatech.vn/public_html/vendor/laravel/framework/src/Illuminate/Foundation/Http/Kernel.php(190): Illuminate\\Routing\\Router->dispatch()
#41 /home/dhg/domains/dhg.kennatech.vn/public_html/vendor/laravel/framework/src/Illuminate/Pipeline/Pipeline.php(141): Illuminate\\Foundation\\Http\\Kernel->Illuminate\\Foundation\\Http\\{closure}()
#42 /home/dhg/domains/dhg.kennatech.vn/public_html/vendor/barryvdh/laravel-debugbar/src/Middleware/InjectDebugbar.php(66): Illuminate\\Pipeline\\Pipeline->Illuminate\\Pipeline\\{closure}()
#43 /home/dhg/domains/dhg.kennatech.vn/public_html/vendor/laravel/framework/src/Illuminate/Pipeline/Pipeline.php(180): Barryvdh\\Debugbar\\Middleware\\InjectDebugbar->handle()
#44 /home/dhg/domains/dhg.kennatech.vn/public_html/vendor/spatie/laravel-pjax/src/Middleware/FilterIfPjax.php(18): Illuminate\\Pipeline\\Pipeline->Illuminate\\Pipeline\\{closure}()
#45 /home/dhg/domains/dhg.kennatech.vn/public_html/vendor/laravel/framework/src/Illuminate/Pipeline/Pipeline.php(180): Spatie\\Pjax\\Middleware\\FilterIfPjax->handle()
#46 /home/dhg/domains/dhg.kennatech.vn/public_html/vendor/laravel/framework/src/Illuminate/Foundation/Http/Middleware/TransformsRequest.php(21): Illuminate\\Pipeline\\Pipeline->Illuminate\\Pipeline\\{closure}()
#47 /home/dhg/domains/dhg.kennatech.vn/public_html/vendor/laravel/framework/src/Illuminate/Foundation/Http/Middleware/ConvertEmptyStringsToNull.php(31): Illuminate\\Foundation\\Http\\Middleware\\TransformsRequest->handle()
#48 /home/dhg/domains/dhg.kennatech.vn/public_html/vendor/laravel/framework/src/Illuminate/Pipeline/Pipeline.php(180): Illuminate\\Foundation\\Http\\Middleware\\ConvertEmptyStringsToNull->handle()
#49 /home/dhg/domains/dhg.kennatech.vn/public_html/vendor/laravel/framework/src/Illuminate/Foundation/Http/Middleware/TransformsRequest.php(21): Illuminate\\Pipeline\\Pipeline->Illuminate\\Pipeline\\{closure}()
#50 /home/dhg/domains/dhg.kennatech.vn/public_html/vendor/laravel/framework/src/Illuminate/Foundation/Http/Middleware/TrimStrings.php(40): Illuminate\\Foundation\\Http\\Middleware\\TransformsRequest->handle()
#51 /home/dhg/domains/dhg.kennatech.vn/public_html/vendor/laravel/framework/src/Illuminate/Pipeline/Pipeline.php(180): Illuminate\\Foundation\\Http\\Middleware\\TrimStrings->handle()
#52 /home/dhg/domains/dhg.kennatech.vn/public_html/vendor/laravel/framework/src/Illuminate/Foundation/Http/Middleware/ValidatePostSize.php(27): Illuminate\\Pipeline\\Pipeline->Illuminate\\Pipeline\\{closure}()
#53 /home/dhg/domains/dhg.kennatech.vn/public_html/vendor/laravel/framework/src/Illuminate/Pipeline/Pipeline.php(180): Illuminate\\Foundation\\Http\\Middleware\\ValidatePostSize->handle()
#54 /home/dhg/domains/dhg.kennatech.vn/public_html/vendor/laravel/framework/src/Illuminate/Foundation/Http/Middleware/PreventRequestsDuringMaintenance.php(86): Illuminate\\Pipeline\\Pipeline->Illuminate\\Pipeline\\{closure}()
#55 /home/dhg/domains/dhg.kennatech.vn/public_html/vendor/laravel/framework/src/Illuminate/Pipeline/Pipeline.php(180): Illuminate\\Foundation\\Http\\Middleware\\PreventRequestsDuringMaintenance->handle()
#56 /home/dhg/domains/dhg.kennatech.vn/public_html/vendor/laravel/framework/src/Illuminate/Http/Middleware/TrustProxies.php(39): Illuminate\\Pipeline\\Pipeline->Illuminate\\Pipeline\\{closure}()
#57 /home/dhg/domains/dhg.kennatech.vn/public_html/vendor/laravel/framework/src/Illuminate/Pipeline/Pipeline.php(180): Illuminate\\Http\\Middleware\\TrustProxies->handle()
#58 /home/dhg/domains/dhg.kennatech.vn/public_html/vendor/laravel/framework/src/Illuminate/Pipeline/Pipeline.php(116): Illuminate\\Pipeline\\Pipeline->Illuminate\\Pipeline\\{closure}()
#59 /home/dhg/domains/dhg.kennatech.vn/public_html/vendor/laravel/framework/src/Illuminate/Foundation/Http/Kernel.php(165): Illuminate\\Pipeline\\Pipeline->then()
#60 /home/dhg/domains/dhg.kennatech.vn/public_html/vendor/laravel/framework/src/Illuminate/Foundation/Http/Kernel.php(134): Illuminate\\Foundation\\Http\\Kernel->sendRequestThroughRouter()
#61 /home/dhg/domains/dhg.kennatech.vn/public_html/public/index.php(82): Illuminate\\Foundation\\Http\\Kernel->handle()
#62 {main}
"} 
